<?xml version="1.0" encoding="UTF-8"?>
<testsuite xmlns:xsi="http://www.w3.org/2001/XMLSchema-instance" xsi:noNamespaceSchemaLocation="https://maven.apache.org/surefire/maven-surefire-plugin/xsd/surefire-test-report.xsd" version="3.0.2" name="id.api.app_resepsi_atin_taufiq.AppResepsiAtinTaufiqApplicationTests" time="3.974" tests="1" errors="0" skipped="0" failures="0">
  <properties>
[...]
</properties>
  <testcase name="contextLoads" classname="id.api.app_resepsi_atin_taufiq.AppResepsiAtinTaufiqApplicationTests" time="1.271">
    <system-out><![CDATA[17:43:26.514 [main] INFO org.springframework.test.context.support.AnnotationConfigContextLoaderUtils -- Could not detect default configuration classes for test class [id.api.app_resepsi_atin_taufiq.AppResepsiAtinTaufiqApplicationTests]: AppResepsiAtinTaufiqApplicationTests does not declare any static, non-private, non-final, nested classes annotated with @Configuration.
17:43:26.672 [main] INFO org.springframework.boot.test.context.SpringBootTestContextBootstrapper -- Found @SpringBootConfiguration id.api.AppResepsiAtinTaufiqApplication for test class id.api.app_resepsi_atin_taufiq.AppResepsiAtinTaufiqApplicationTests

  .   ____          _            __ _ _
 /\\ / ___'_ __ _ _(_)_ __  __ _ \ \ \ \
( ( )\___ | '_ | '_| | '_ \/ _` | \ \ \ \
 \\/  ___)| |_)| | | | | || (_| |  ) ) ) )
  '  |____| .__|_| |_|_| |_\__, | / / / /
 =========|_|==============|___/=/_/_/_/

 :: Spring Boot ::                (v3.5.4)

2025-08-20T17:43:27.247+07:00  INFO 10660 --- [app-qr-code] [           main] a.a.AppResepsiAtinTaufiqApplicationTests : Starting AppResepsiAtinTaufiqApplicationTests using Java 17.0.12 with PID 10660 (started by 51222019 in D:\Workspace\app-resepsi-atin-taufiq)
2025-08-20T17:43:27.249+07:00  INFO 10660 --- [app-qr-code] [           main] a.a.AppResepsiAtinTaufiqApplicationTests : No active profile set, falling back to 1 default profile: "default"
2025-08-20T17:43:29.023+07:00  INFO 10660 --- [app-qr-code] [           main] a.a.AppResepsiAtinTaufiqApplicationTests : Started AppResepsiAtinTaufiqApplicationTests in 2.144 seconds (process running for 3.49)
]]></system-out>
  </testcase>
</testsuite>